[  68.   12.  155.  126.]
[ 0.1890411   0.03561644  0.42739726  0.34794521]
[[  0.   0.  47.  21.]
 [ 12.   0.   0.   0.]
 [ 56.   0.  48.  50.]
 [  0.  12.  59.  55.]]
[[ 0.01388889  0.01388889  0.66666667  0.30555556]
 [ 0.8125      0.0625      0.0625      0.0625    ]
 [ 0.36075949  0.00632911  0.31012658  0.32278481]
 [ 0.00769231  0.1         0.46153846  0.43076923]]
ACAAGCGCCG: 1 
ACACACCAGG: 1 
ACACACCCAG: 1 
ACACACGCAC: 1 
ACACACGGGG: 1 
ACACAGCACC: 1 
ACACAGGGTA: 1 
ACACATACAC: 1 
ACACCCACAG: 1 
ACACCCCCGG: 1 
ACACCCGTAC: 1 
ACACCGGCCG: 1 
ACACCGGGCA: 1 
ACACCGGGGC: 1 
ACACCGGGGG: 1 
ACACGCACAC: 1 
ACACGCAGCC: 1 
ACACGGGGTA: 1 
ACAGCCGCCA: 1 
ACAGCGGTAC: 1 
ACAGGCGCGG: 1 
ACAGGCGTAC: 1 
ACAGGGGCGC: 1 
ACAGGGTACA: 1 
ACAGTACAGG: 1 
ACAGTACCGG: 1 
ACCAGGGCGC: 1 
ACCAGGTACA: 1 
ACCCACAGCC: 1 
ACCCCCGGGC: 1 
ACCCGGCCGC: 1 
ACCGCGTACA: 1 
ACCGGGCACA: 1 
ACCGGGTACC: 1 
ACCGGGTATA: 1 
ACCGTAGCCC: 1 
ACGCACACAG: 1 
ACGCACCGGG: 1 
ACGCCCCGGG: 1 
ACGCCGGCGG: 1 
ACGCCGGGCC: 1 
ACGCGCACAG: 1 
ACGCGGCCGG: 1 
ACGGCACAGC: 1 
ACGGCCGCCC: 1 
ACGGCCGGCG: 1 
ACGGGGGCGC: 1 
ACGTACCGGC: 1 
AGCCACCCAC: 1 
AGCCCACACC: 1 
AGCCGGCCAC: 1 
AGCCGGCCCA: 1 
AGCCGGGCCC: 1 
AGCGGGCGCC: 1 
AGCGGGCGGT: 1 
AGCGGTAGCC: 1 
AGGCAGGCGC: 1 
AGGCGCGCGC: 1 
AGGCGGCCGA: 1 
AGGCGGGCCC: 1 
AGGGCGCCGG: 1 
AGGGCGGGCG: 1 
AGGGGGGCGC: 1 
AGTACCGCCC: 1 
AGTAGCCCAG: 1 
AGTAGCCTAC: 1 
AGTAGGCACA: 1 
AGTAGGGGGC: 1 
CACACACGGC: 1 
CACACAGCAC: 1 
CACACAGCCA: 1 
CACACCAGGG: 1 
CACACCGCGG: 1 
CACACGGGGG: 1 
CACACGGGGT: 1 
CACAGCCCGG: 1 
CACAGCCGGC: 1 
CACAGCCGTA: 1 
CACAGCGGGG: 1 
CACAGGCACC: 1 
CACAGGCCCG: 1 
CACAGGCGCA: 1 
CACAGGCGTA: 1 
CACAGGGGCC: 1 
CACAGGGGCG: 1 
CACAGGGTAC: 1 
CACAGTAACC: 1 
CACAGTACCG: 1 
CACCAGCCGG: 1 
CACCAGGTAC: 1 
CACCCACAGC: 1 
CACCCGCCCA: 1 
CACCCGGGCG: 1 
CACCGCCGCC: 1 
CACCGCGGCG: 1 
CACCGGCGGC: 1 
CACCGGGCAC: 1 
CACCGGGGCA: 1 
CACCGGGTAC: 1 
CACCGTACCG: 1 
CACGCACAGC: 1 
CACGCAGCCC: 1 
CACGGGCCCC: 1 
CACGGGCCGC: 1 
CACGGGGTAC: 1 
CACGGTAGCC: 1 
CAGCCACCCA: 1 
CAGCCCAGGG: 1 
CAGCCCCGCG: 1 
CAGCCCCGGC: 1 
CAGCCGCACA: 1 
CAGCCGCACC: 1 
CAGCCGCCCA: 1 
CAGCCGTACG: 1 
CAGCGCACAC: 1 
CAGCGCCGGC: 1 
CAGCGCCGGG: 1 
CAGCGGGGCG: 1 
CAGCGGGTAC: 1 
CAGGCACCGG: 1 
CAGGCCCGGG: 1 
CAGGCGCCCG: 1 
CAGGCGGCCC: 1 
CAGGCGGCGG: 1 
CAGGCGTACC: 1 
CAGGGCGCAC: 1 
CAGGGTACAC: 1 
CAGGTACACA: 1 
CAGTACCGTC: 1 
CAGTAGCAGG: 1 
CAGTGCCGGC: 1 
CATACCGGGG: 1 
CCACACCCAC: 1 
CCACACGCAC: 1 
CCACACGCAG: 1 
CCACACGCGC: 1 
CCACAGGCAC: 1 
CCACAGGCCC: 1 
CCACCCACAG: 1 
CCACCGGCCG: 1 
CCACCGGGGC: 1 
CCACGCACAC: 1 
CCACGCACAG: 1 
CCACGGGCGC: 1 
CCAGCCGCCC: 1 
CCAGCCGTAC: 1 
CCAGCGGCCC: 1 
CCAGGTACAC: 1 
CCCACACGCG: 1 
CCCACAGCCC: 1 
CCCACAGGCA: 1 
CCCCCGGCGC: 1 
CCCCGGGCAC: 1 
CCCCGGGGCC: 1 
CCCGCCCACA: 1 
CCCGCCCCGG: 1 
CCCGGCCCGC: 1 
CCCGGGGCGG: 1 
CCGCACAGGC: 1 
CCGCAGGCGG: 1 
CCGCCAGCGC: 1 
CCGCCAGCGG: 1 
CCGCCCCCAC: 1 
CCGCCCCGGC: 1 
CCGCCCGCGC: 1 
CCGCCCGGGG: 1 
CCGCCGCGGG: 1 
CCGCCGGGCC: 1 
CCGCGGCCGC: 1 
CCGCGGGCGC: 1 
CCGGCACCGC: 1 
CCGGCCCGGC: 1 
CCGGCGCCAG: 1 
CCGGCGTCGG: 1 
CCGGGCACAC: 1 
CCGGGGCCCC: 1 
CCGGGGCGGC: 1 
CCGGGTACGC: 1 
CCGTACCGCG: 1 
CCGTAGCGGC: 1 
CGAGCCGCCG: 1 
CGCACACAGC: 1 
CGCACACCCG: 1 
CGCACAGCAG: 1 
CGCACCGCCG: 1 
CGCAGCCCCG: 1 
CGCAGGCGGC: 1 
CGCAGTACCG: 1 
CGCCACAGCC: 1 
CGCCCGCGGC: 1 
CGCCCGGGGC: 1 
CGCCGCACAC: 1 
CGCCGCACAG: 1 
CGCCGCCCAC: 1 
CGCCGCGGGC: 1 
CGCCGGCGCG: 1 
CGCCGGGCAC: 1 
CGCCGGGCCA: 1 
CGCGCAGCCG: 1 
CGCGCCGTAC: 1 
CGCGCGGGCG: 1 
CGCGGCCGGC: 1 
CGCGGGCCGC: 1 
CGCGGGCGGG: 1 
CGGCACAGGG: 1 
CGGCACAGGT: 1 
CGGCACGGCC: 1 
CGGCACGGGC: 1 
CGGCAGCCCA: 1 
CGGCCACACA: 1 
CGGCCCGCAG: 1 
CGGCCCGGGC: 1 
CGGCCCGTAC: 1 
CGGCCGCGGG: 1 
CGGCCGGGGC: 1 
CGGCGACCGC: 1 
CGGCGCACGC: 1 
CGGCGCCCAC: 1 
CGGCGCCCAG: 1 
CGGCGCGGGC: 1 
CGGCGGCCAC: 1 
CGGGCACAGC: 1 
CGGGCACAGG: 1 
CGGGCAGCCC: 1 
CGGGCCACAG: 1 
CGGGCCACCG: 1 
CGGGCCGTAC: 1 
CGGGCGCACG: 1 
CGGGCGCAGG: 1 
CGGGCGCGCG: 1 
CGGGCGGGCC: 1 
CGGGGCGCAC: 1 
CGGGGCGGCG: 1 
CGGGGGCCGG: 1 
CGGGGGCGCA: 1 
CGGGGGGGCG: 1 
CGGGGTACAC: 1 
CGGGTACACA: 1 
CGGGTACACG: 1 
CGGTACAGGC: 1 
CGGTAGCCCA: 1 
CGGTAGCCCG: 1 
CGTACACACC: 1 
CGTACCAGGC: 1 
CGTACCCGGC: 1 
CGTACCGGTA: 1 
CGTAGCGGCA: 1 
CGTAGTACCG: 1 
GCACACAGGG: 1 
GCACACGGGG: 1 
GCACAGCACC: 1 
GCACAGCGGG: 1 
GCACAGTACC: 1 
GCACCGCCGC: 1 
GCACCGGCGG: 1 
GCACCGGGGC: 1 
GCACGCCGGG: 1 
GCACGGCCGC: 1 
GCACGGGCGG: 1 
GCACGGTACC: 1 
GCAGCCGCCG: 1 
GCCACCCACA: 1 
GCCCACAGGG: 1 
GCCCCCAGGC: 1 
GCCCCCCCGG: 1 
GCCCGCGCCG: 1 
GCCGCCACGG: 1 
GCCGCCCGCA: 1 
GCCGCCGGGC: 1 
GCCGGGCACC: 1 
GCCGGGCCAC: 1 
GCCGGGCGGG: 1 
GCCGGGGCCC: 1 
GCCGGGGCCG: 1 
GCGCACCGGG: 1 
GCGCAGGGCC: 1 
GCGCCGCGCC: 1 
GCGCCGGGCG: 1 
GCGCCGGGGC: 1 
GCGCGCCGGG: 1 
GCGCGCGGGC: 1 
GCGCGGGGCC: 1 
GCGGCACAGG: 1 
GCGGCCACCG: 1 
GCGGCCGCAG: 1 
GCGGCGGGCG: 1 
GCGGGCGCCA: 1 
GCGGGCGGGC: 1 
GCGGGGCGCA: 1 
GCGGGTACAC: 1 
GGACGGGCGC: 1 
GGCACACGCG: 1 
GGCACAGCAC: 1 
GGCACAGCCA: 1 
GGCACAGGCC: 1 
GGCACAGGGG: 1 
GGCACCGGCG: 1 
GGCACGGGCG: 1 
GGCACGGTAC: 1 
GGCAGCCCAC: 1 
GGCAGGCGCC: 1 
GGCAGGCGGG: 1 
GGCAGTACCG: 1 
GGCCCACAGT: 1 
GGCCGCCCCC: 1 
GGCCGCCCCG: 1 
GGCCGCGCCG: 1 
GGCCGTACCA: 1 
GGCCGTACGG: 1 
GGCGACCGCC: 1 
GGCGCAGGCG: 1 
GGCGGCGCCG: 1 
GGCGGGCACC: 1 
GGCGGGGGGG: 1 
GGCGGTACCC: 1 
GGCTACACAC: 1 
GGGCAGGCGC: 1 
GGGCCACCCC: 1 
GGGCCACCGG: 1 
GGGCCAGCGG: 1 
GGGCCCGCGG: 1 
GGGCCGCACA: 1 
GGGCCGCAGG: 1 
GGGCCGCCCA: 1 
GGGCCGCCCC: 1 
GGGCCGCGCC: 1 
GGGCCGGGGG: 1 
GGGCCGTACA: 1 
GGGCGCCAGG: 1 
GGGCGCGGGG: 1 
GGGCGGCCCC: 1 
GGGCGGCGCA: 1 
GGGCGGCGGC: 1 
GGGCGGCGGG: 1 
GGGCGGGCAC: 1 
GGGCGGGGGC: 1 
GGGCGGTAGG: 1 
GGGGCCGGGC: 1 
GGGGCGCACC: 1 
GGGGCGCACG: 1 
GGGGCGCCCA: 1 
GGGGCGCCCC: 1 
GGGGCGTACA: 1 
GGGGGCCGGC: 1 
GGGGGCCGGG: 1 
GGGGGCGGTA: 1 
GGGGGGCACA: 1 
GGGGGGCGCA: 1 
GGGGGGGCGC: 1 
GGGGGTAGCC: 1 
GGGTACACCC: 1 
GGGTACGCAC: 1 
GGGTGGGCGC: 1 
GGTACACACC: 1 
GGTAGCGGGC: 1 
GGTAGGCGCA: 1 
GTACACACCC: 1 
GTACACACCG: 1 
GTACACACGG: 1 
GTACACAGCG: 1 
GTACCAGGCC: 1 
GTACCCACCG: 1 
GTACCCGGCC: 1 
GTACCGGGCA: 1 
GTACCGGGCC: 1 
GTACCGGGGC: 1 
GTACGCACCG: 1 
GTACGCGCAC: 1 
GTAGCACACA: 1 
GTAGCCCACG: 1 
GTAGCCCCCA: 1 
GTAGCCGGGG: 1 
GTAGCGGGCG: 1 
GTAGGCACAC: 1 
GTAGGCCCAC: 1 
GTAGGGGCCG: 1 
GTAGTACCAG: 1 
GTAGTACCGC: 1 
GTAGTAGCCG: 1 
TACACACCGC: 1 
TACACACCGT: 1 
TACACCGGGT: 1 
TACAGGCCGG: 1 
TACAGTAGCC: 1 
TACCGGCCAG: 1 
TACCGGGCCA: 1 
TAGCACCGGC: 1 
TAGCAGGCGC: 1 
TAGCCGGCGG: 1 
TAGGCACCGG: 1 
TAGGCGCGGG: 1 
TAGTCCACAC: 1 
TTACACACCG: 1 
ACACACAAGC: 2 
ACACACACCA: 2 
ACACACAGTA: 2 
ACACAGCCGC: 2 
ACACAGCGGC: 2 
ACACCCAGGC: 2 
ACACGCACCG: 2 
ACAGCCGCAC: 2 
ACAGGCACAC: 2 
ACAGTAGCAC: 2 
ACATACAGTA: 2 
ACCACACACA: 2 
ACCGGCACGC: 2 
ACCGGCCGGG: 2 
ACGCACAGGC: 2 
ACGCAGGCGG: 2 
ACGCGGGCGG: 2 
ACGGCACACA: 2 
ACGGCCGGCA: 2 
ACGGCGCACA: 2 
ACGGGCACAC: 2 
ACGGGCCCCG: 2 
AGCCCACACA: 2 
AGCGGCACAC: 2 
AGGCCCACAG: 2 
AGGCCGGCAC: 2 
AGGCGGCGGC: 2 
AGTAGGCGCA: 2 
CACACACATT: 2 
CACACACCAG: 2 
CACACACCCA: 2 
CACACACCCG: 2 
CACACACGCC: 2 
CACACACGGT: 2 
CACACAGCAG: 2 
CACACAGTAC: 2 
CACACCCAGT: 2 
CACACCCCGG: 2 
CACACCGGGG: 2 
CACACGCACC: 2 
CACACGCAGG: 2 
CACACGCCGG: 2 
CACACGGTAG: 2 
CACAGCACCG: 2 
CACAGCAGCC: 2 
CACAGGAGCC: 2 
CACAGGCGCC: 2 
CACAGTACGC: 2 
CACAGTAGCG: 2 
CACCCACACC: 2 
CACCCACAGG: 2 
CACCCACAGT: 2 
CACCGGCGCC: 2 
CACCGGGCCC: 2 
CACGCACACA: 2 
CACGCACACC: 2 
CACGCACCGG: 2 
CACGCAGGCG: 2 
CACGGGCCGG: 2 
CACGGTAGGC: 2 
CAGGCACACA: 2 
CAGTACGCGC: 2 
CATACAGGCG: 2 
CCACACAGGC: 2 
CCACACAGTA: 2 
CCACCCACAC: 2 
CCACCGGCGC: 2 
CCAGCACACA: 2 
CCAGCGCACA: 2 
CCAGGCCCCG: 2 
CCCACACAGT: 2 
CCCACACCCA: 2 
CCCACACCGG: 2 
CCCACACGCA: 2 
CCCACCCACA: 2 
CCCACGCACA: 2 
CCCCGGCCGG: 2 
CCCGGGCCAC: 2 
CCCGGGCCCG: 2 
CCGCACCGGG: 2 
CCGCAGGCGC: 2 
CCGCCACACA: 2 
CCGCCGCACA: 2 
CCGGCCCCCG: 2 
CCGGCGCACG: 2 
CCGGCGGCCG: 2 
CCGGCGGCGC: 2 
CCGGCGGGCA: 2 
CCGGGCACCG: 2 
CCGGGCAGCC: 2 
CCGGGCCACG: 2 
CCGGGCCCCG: 2 
CCGGGCGCAC: 2 
CGCACACAGG: 2 
CGCACAGCCC: 2 
CGCACAGCCG: 2 
CGCACCGGGC: 2 
CGCCGGCCGC: 2 
CGCCGTACCG: 2 
CGCGCCGGGC: 2 
CGGCACAGGC: 2 
CGGCACGCAC: 2 
CGGCAGACAC: 2 
CGGCAGCCGG: 2 
CGGCAGGCAC: 2 
CGGCCAGCAC: 2 
CGGCGCGCAC: 2 
CGGCGGGCAC: 2 
CGGCGGGCGG: 2 
CGGGCAGGCG: 2 
CGGGCCCAGG: 2 
CGGGCCCCGC: 2 
CGGGCGGCAC: 2 
CGGGGCCCCG: 2 
CGGGGCCCGG: 2 
GCACACACCC: 2 
GCACACACGC: 2 
GCACACCGCC: 2 
GCACAGCCGC: 2 
GCACCCCGGC: 2 
GCACCGTAGT: 2 
GCACGCACAC: 2 
GCAGCCCCGG: 2 
GCAGGCACAG: 2 
GCCACAGGCG: 2 
GCCCACATAC: 2 
GCCCACGCAC: 2 
GCCCCCGGGC: 2 
GCCGCACAGC: 2 
GCCGCCACAG: 2 
GCCGGCACGG: 2 
GCCGGCAGGC: 2 
GCCGGCGTAC: 2 
GCCGGGCGCC: 2 
GCCGGGCGGC: 2 
GCCGGGGCAC: 2 
GCCGTCCGGC: 2 
GCGCACCGCC: 2 
GCGGGCACAG: 2 
GCGGGCGCCC: 2 
GCGGGCGGCG: 2 
GGCACACACG: 2 
GGCACACAGC: 2 
GGCACACCCA: 2 
GGCACCCACA: 2 
GGCAGGCGCA: 2 
GGCCACACAC: 2 
GGCCACCGGC: 2 
GGCCACGGGC: 2 
GGCCAGCACA: 2 
GGCCCCGCGC: 2 
GGCCGCAGGC: 2 
GGCCGCCAGC: 2 
GGCCGGCACG: 2 
GGCCGGTACA: 2 
GGCCGTACCG: 2 
GGCGCACAGT: 2 
GGCGCACGGC: 2 
GGCGGCACAG: 2 
GGCGGCCGGG: 2 
GGCGGGCGGG: 2 
GGCGGGCGGT: 2 
GGCGTACCGG: 2 
GGGACACACA: 2 
GGGCCACGGG: 2 
GGGCCCCGCG: 2 
GGGCCCCGGC: 2 
GGGCCCGGGC: 2 
GGGCCCGGGG: 2 
GGGCCGCCCG: 2 
GGGCCGCCGC: 2 
GGGCGCACCC: 2 
GGGCGCCCAC: 2 
GGGCGGCACA: 2 
GGGCGGGCGC: 2 
GGGGCACAGC: 2 
GGGGGCACAC: 2 
GGGGGCGCAC: 2 
GTACACCGGC: 2 
GTACCGGCAC: 2 
GTACCGGCGC: 2 
GTACCGGTAC: 2 
GTACGGGCAC: 2 
GTCCCGGCAC: 2 
TACCGCCACA: 2 
TACCGGCACC: 2 
TACCGGCACG: 2 
TACCGGCCGG: 2 
TACCGGGCGG: 2 
TCACACCGGG: 2 
TGCCGGCGCA: 2 
AACAGGCGGG: 3 
ACACACACCG: 3 
ACACACAGCA: 3 
ACACACAGCC: 3 
ACACACAGGG: 3 
ACACACCGCC: 3 
ACACAGGCAC: 3 
ACACAGGCGG: 3 
ACACCAGCAC: 3 
ACACCCGCAC: 3 
ACACCGCCAC: 3 
ACACCGGCGG: 3 
ACAGGCACAG: 3 
ACAGGCGGCC: 3 
ACCCACACAC: 3 
ACCGGCACCG: 3 
ACCGGCACGG: 3 
ACCGGGCCCC: 3 
ACCGGGCGGC: 3 
AGGCCGCCGG: 3 
CACACAGGCG: 3 
CACACCCGCA: 3 
CACACCGGGC: 3 
CACACGCGGG: 3 
CACAGCCGGG: 3 
CACAGGCACA: 3 
CACAGGCAGG: 3 
CACAGGGGGG: 3 
CACAGTAGCC: 3 
CACCCACACA: 3 
CACCCGCACA: 3 
CACCGCCACA: 3 
CACCGGTACA: 3 
CACGCCGGCA: 3 
CACGCGGGCG: 3 
CACGGGCACA: 3 
CAGGCCCCGG: 3 
CAGGCGCGCG: 3 
CAGGCGGGCT: 3 
CAGGGGGGCG: 3 
CCACCGGCAC: 3 
CCACGGGCCG: 3 
CCCCACACAC: 3 
CCCGGGCCGG: 3 
CCGCACACCG: 3 
CCGCCACACC: 3 
CCGCCGGCGC: 3 
CCGGCACCCC: 3 
CCGGCACGCC: 3 
CCGGCCCACC: 3 
CCGGCGCCGG: 3 
CCGGCGGGCC: 3 
CCGGGGCACA: 3 
CCGGTACACA: 3 
CCGGTACACC: 3 
CCGTACCGGC: 3 
CGCACACACG: 3 
CGCACACGCA: 3 
CGCACGCACA: 3 
CGCAGGCACA: 3 
CGCCACACCG: 3 
CGCCACAGTA: 3 
CGCCAGCACA: 3 
CGCCGGCACG: 3 
CGCCGGCCGG: 3 
CGCCGGCGGC: 3 
CGCCGGTACA: 3 
CGCGGGCACA: 3 
CGGCACACAC: 3 
CGGCACACCA: 3 
CGGCACACGC: 3 
CGGCACACGG: 3 
CGGCACGCCG: 3 
CGGCCGCCCG: 3 
CGGCCGGGCG: 3 
CGGCGCAGTA: 3 
CGGCGGCCGG: 3 
CGGGCACACC: 3 
CGGGCCGCGG: 3 
CGGGCCGGCA: 3 
GCACACACGG: 3 
GCACACCCGC: 3 
GCACACGCAG: 3 
GCACAGCCGG: 3 
GCACAGCGGC: 3 
GCAGGCACAC: 3 
GCCAGCACAC: 3 
GCCCACAGCC: 3 
GCCCACCGGC: 3 
GCCGGCACCG: 3 
GCGCACACGC: 3 
GCGCACGCAC: 3 
GCGCAGGCAC: 3 
GCGCCGCCAC: 3 
GCGCGGGCAC: 3 
GCGGCACACC: 3 
GCGGCGGCAC: 3 
GCGGGCGCAC: 3 
GCGGGCGCCG: 3 
GCGGGCGGCC: 3 
GGCACACCGC: 3 
GGCACACGGG: 3 
GGCACAGCAG: 3 
GGCACCGGCA: 3 
GGCACCGGGC: 3 
GGCACGCCGG: 3 
GGCGCACAGG: 3 
GGCGCACCCA: 3 
GGCGCACCGG: 3 
GGCGCACGCA: 3 
GGCGCCAGCA: 3 
GGCGCCGGCA: 3 
GGCGCGGGCA: 3 
GGCGGCCGCC: 3 
GGCGGCGGCC: 3 
GGCGGGCACA: 3 
GGCGGGCGCG: 3 
GGCGTACACA: 3 
GGGCACAGCC: 3 
GGGCACAGTA: 3 
GGGCACCGGG: 3 
GGGCCCCCGG: 3 
GGGGCCGGCA: 3 
GTACCGGCAG: 3 
TACACACAGG: 3 
ACACACCGGG: 4 
ACACACGGGC: 4 
ACACCGGCCC: 4 
ACACCGGCGC: 4 
ACCGGCCGGC: 4 
ACCGGCGCAC: 4 
ACGCACACAC: 4 
AGGCGCACAC: 4 
CACACACGGG: 4 
CACACCGGCA: 4 
CACAGGCCGG: 4 
CACAGGCGCG: 4 
CACAGGCGGC: 4 
CACCGGCGGG: 4 
CAGGCGCCGG: 4 
CAGGCGGGCG: 4 
CCCCGGGCCA: 4 
CCGGGCCGCA: 4 
CGCACCGGCA: 4 
CGCCGCCGGC: 4 
CGGCACAGCA: 4 
CGGCACAGCG: 4 
CGGCCCACCG: 4 
CGGCCGGCAG: 4 
CGGCGGGCGC: 4 
CGGGCACACA: 4 
GCAGGCGCAC: 4 
GCCACACACA: 4 
GCCGCCGCCG: 4 
GCCGCCGGCC: 4 
GCGCCCACAC: 4 
GCGGCGCACA: 4 
GCGGGCACAC: 4 
GCGTACACAC: 4 
GGCACAGCGG: 4 
GGCCCGGGCC: 4 
GGCCGCCGGC: 4 
GGCCGCGGGC: 4 
GGCCGGCGGC: 4 
GGCCGGCGGG: 4 
GGCGCCCACA: 4 
GGCGGCACAC: 4 
GGGCGCACAG: 4 
GGGCGGCCGG: 4 
ACACACACAC: 5 
ACACACAGGC: 5 
ACAGGCCGGC: 5 
CACACACACC: 5 
CACACACCGG: 5 
CACCGGGCCG: 5 
CCACACACAC: 5 
CCCGGCCGGC: 5 
CCGGCGCACC: 5 
CGCACACACC: 5 
CGCACACCGG: 5 
CGGCCCACAC: 5 
CGGCCGGCCC: 5 
GCACACAGGC: 5 
GCACACCGGC: 5 
GCCCACACAG: 5 
GCCCGCACAC: 5 
GCCGCCGGCA: 5 
GCGCGCACAC: 5 
GGCGCACACA: 5 
GGCGCACACC: 5 
GGCGGGCGGC: 5 
GGGCCGGCAC: 5 
CACACACACG: 6 
CCACACACAG: 6 
CCCCGGCACA: 6 
CCGCCGGCAC: 6 
CCGGCACACG: 6 
CGCCGGCGCA: 6 
CGGCACACCC: 6 
CGGCGCACAC: 6 
GCACACACCG: 6 
GCGCACACAG: 6 
GGCGGCCGGC: 6 
CACACACAGC: 7 
CACACACAGG: 7 
CACACCGGCG: 7 
CCCACACACA: 7 
CCGCACACAC: 7 
CCGGCACACA: 7 
CGCGCACACA: 7 
CGGCACACAG: 7 
GCCCACACAC: 7 
GCGCACACAC: 7 
GGCCCACACA: 7 
ACCGGCACAC: 8 
CACCGGCACA: 8 
CGCCGGCACA: 8 
GGCACACACA: 8 
GGGCACACAC: 8 
CACACACACA: 9 
GCACACACAC: 12 
